<?xml version="1.0" encoding="UTF-8"?>
<!-- Generated by org.testng.reporters.JUnitReportReporter -->
<testsuite hostname="LTA1GCO2M8" failures="0" tests="1" name="Com.Crm.DynamicPracticeTest.BookFilghtSpiceJetTest$BookFlightSpiceJetTest" time="75.212" errors="0" timestamp="2022-03-16T21:30:03 IST" skipped="0">
  <testcase classname="Com.Crm.DynamicPracticeTest.BookFilghtSpiceJetTest$BookFlightSpiceJetTest" name="bookFligt" time="75.212"/>
  <system-out/>
</testsuite> <!-- Com.Crm.DynamicPracticeTest.BookFilghtSpiceJetTest$BookFlightSpiceJetTest -->
