<?xml version="1.0" encoding="UTF-8"?>
<!-- Generated by org.testng.reporters.JUnitReportReporter -->
<testsuite hostname="LTA1GCO2M8" failures="0" tests="4" name="Com.Crm.Practice.SampleDataProvider" time="0.057" errors="0" timestamp="2022-02-28T16:23:21 IST" skipped="0">
  <testcase classname="Com.Crm.Practice.SampleDataProvider" name="sampleDataProvider" time="0.015"/>
  <system-out/>
  <testcase classname="Com.Crm.Practice.SampleDataProvider" name="sampleDataProvider" time="0.019"/>
  <system-out/>
  <testcase classname="Com.Crm.Practice.SampleDataProvider" name="sampleDataProvider" time="0.007"/>
  <system-out/>
  <testcase classname="Com.Crm.Practice.SampleDataProvider" name="sampleDataProvider" time="0.016"/>
  <system-out/>
</testsuite> <!-- Com.Crm.Practice.SampleDataProvider -->
