<?xml version="1.0" encoding="UTF-8"?>
<!-- Generated by org.testng.reporters.JUnitReportReporter -->
<testsuite hostname="LTA1GCO2M8" failures="0" tests="1" name="com.crm.PRACTICE.ReadDataFromCmdLineTest" time="0.028" errors="0" timestamp="2022-02-17T14:52:24 IST" skipped="0">
  <testcase classname="com.crm.PRACTICE.ReadDataFromCmdLineTest" name="readDataFromCmdLine" time="0.028"/>
  <system-out/>
</testsuite> <!-- com.crm.PRACTICE.ReadDataFromCmdLineTest -->
