<?xml version="1.0" encoding="UTF-8"?>
<!-- Generated by org.testng.reporters.JUnitReportReporter -->
<testsuite hostname="LTA1GCO2M8" failures="0" tests="1" name="Com.Crm.Practice.PracticeBrowserTest" time="11.272" errors="0" timestamp="2022-03-08T18:41:14 IST" skipped="0">
  <testcase classname="Com.Crm.Practice.PracticeBrowserTest" name="practiceBrowserTest" time="11.272"/>
  <system-out/>
</testsuite> <!-- Com.Crm.Practice.PracticeBrowserTest -->
