<?xml version="1.0" encoding="UTF-8"?>
<!-- Generated by org.testng.reporters.JUnitReportReporter -->
<testsuite hostname="LTA1GCO2M8" failures="0" tests="1" name="Com.Crm.ContactTest.ContactPrintLastNameTest" time="35.379" errors="0" timestamp="2022-03-09T11:06:14 IST" skipped="0">
  <testcase classname="Com.Crm.ContactTest.ContactPrintLastNameTest" name="printLastNameContactTest" time="35.379"/>
  <system-out/>
</testsuite> <!-- Com.Crm.ContactTest.ContactPrintLastNameTest -->
