<?xml version="1.0" encoding="UTF-8"?>
<!-- Generated by org.testng.reporters.JUnitReportReporter -->
<testsuite hostname="LTA1GCO2M8" failures="0" tests="1" name="Com.Crm.ContactTest.ContactCheckBoxSelectTest" time="22.367" errors="0" timestamp="2022-03-09T10:47:00 IST" skipped="0">
  <testcase classname="Com.Crm.ContactTest.ContactCheckBoxSelectTest" name="contactCheckBoxSelectTest" time="22.367"/>
  <system-out/>
</testsuite> <!-- Com.Crm.ContactTest.ContactCheckBoxSelectTest -->
