<?xml version="1.0" encoding="UTF-8"?>
<!-- Generated by org.testng.reporters.JUnitReportReporter -->
<testsuite hostname="LTA1GCO2M8" failures="0" tests="1" name="Com.Crm.ContactTest.CreateContactWithOrgTest" time="70.199" errors="0" timestamp="2022-03-03T14:55:06 IST" skipped="0">
  <testcase classname="Com.Crm.ContactTest.CreateContactWithOrgTest" name="createContactWithOrgTest" time="70.199"/>
  <system-out/>
</testsuite> <!-- Com.Crm.ContactTest.CreateContactWithOrgTest -->
