<?xml version="1.0" encoding="UTF-8"?>
<!-- Generated by org.testng.reporters.JUnitReportReporter -->
<testsuite hostname="LTA1GCO2M8" failures="0" tests="1" name="Com.Crm.Practice.PracticeForGenericUtils" time="0.137" errors="0" timestamp="2022-02-21T13:45:43 IST" skipped="0">
  <testcase classname="Com.Crm.Practice.PracticeForGenericUtils" name="practice" time="0.137"/>
  <system-out/>
</testsuite> <!-- Com.Crm.Practice.PracticeForGenericUtils -->
