<?xml version="1.0" encoding="UTF-8"?>
<!-- Generated by org.testng.reporters.JUnitReportReporter -->
<testsuite hostname="LTA1GCO2M8" failures="0" tests="1" name="Com.Crm.DynamicPracticeTest.SelectAnyMonthFromCalander" time="67.216" errors="0" timestamp="2022-03-09T15:39:34 IST" skipped="0">
  <testcase classname="Com.Crm.DynamicPracticeTest.SelectAnyMonthFromCalander" name="selectMonth" time="67.216"/>
  <system-out/>
</testsuite> <!-- Com.Crm.DynamicPracticeTest.SelectAnyMonthFromCalander -->
