<?xml version="1.0" encoding="UTF-8"?>
<!-- Generated by org.testng.reporters.JUnitReportReporter -->
<testsuite hostname="LTA1GCO2M8" failures="0" tests="1" name="Com.Crm.Practice.PropertyFilePractise" time="0.055" errors="0" timestamp="2022-02-17T10:59:04 IST" skipped="0">
  <testcase classname="Com.Crm.Practice.PropertyFilePractise" name="propertyFile" time="0.055"/>
  <system-out/>
</testsuite> <!-- Com.Crm.Practice.PropertyFilePractise -->
