<?xml version="1.0" encoding="UTF-8"?>
<!-- Generated by org.testng.reporters.JUnitReportReporter -->
<testsuite hostname="LTA1GCO2M8" failures="0" tests="1" name="Com.Crm.Practice.CreateOrgWithMultipleDataTest" time="0.000" errors="0" timestamp="2022-03-01T12:28:13 IST" skipped="1">
  <testcase classname="Com.Crm.Practice.CreateOrgWithMultipleDataTest" name="createOrgWithMltipleData" time="0.000">
    <skipped/>
  </testcase> <!-- createOrgWithMltipleData -->
  <system-out/>
</testsuite> <!-- Com.Crm.Practice.CreateOrgWithMultipleDataTest -->
