<?xml version="1.0" encoding="UTF-8"?>
<!-- Generated by org.testng.reporters.JUnitReportReporter -->
<testsuite hostname="LTA1GCO2M8" failures="0" tests="1" name="Com.Crm.DynamicPracticeTest.SelectDateCalanderTest" time="29.759" errors="0" timestamp="2022-03-09T15:09:45 IST" skipped="0">
  <testcase classname="Com.Crm.DynamicPracticeTest.SelectDateCalanderTest" name="selectDate" time="29.759"/>
  <system-out/>
</testsuite> <!-- Com.Crm.DynamicPracticeTest.SelectDateCalanderTest -->
