<?xml version="1.0" encoding="UTF-8"?>
<!-- Generated by org.testng.reporters.JUnitReportReporter -->
<testsuite hostname="LTA1GCO2M8" failures="0" tests="2" name="Com.Crm.Practice.DemoDataProvider" time="0.024" errors="0" timestamp="2022-02-28T16:21:07 IST" skipped="0">
  <testcase classname="Com.Crm.Practice.DemoDataProvider" name="demoDataProvider" time="0.017"/>
  <system-out/>
  <testcase classname="Com.Crm.Practice.DemoDataProvider" name="demoDataProvider" time="0.007"/>
  <system-out/>
</testsuite> <!-- Com.Crm.Practice.DemoDataProvider -->
