<?xml version="1.0" encoding="UTF-8"?>
<!-- Generated by org.testng.reporters.JUnitReportReporter -->
<testsuite hostname="LTA1GCO2M8" failures="0" tests="1" name="Com.Crm.OrganizationTests.CreatOrgWithInDTypeTest" time="35.567" errors="0" timestamp="2022-03-02T13:00:23 IST" skipped="0">
  <testcase classname="Com.Crm.OrganizationTests.CreatOrgWithInDTypeTest" name="createContactWithOrgTest" time="35.567"/>
  <system-out/>
</testsuite> <!-- Com.Crm.OrganizationTests.CreatOrgWithInDTypeTest -->
