<?xml version="1.0" encoding="UTF-8"?>
<!-- Generated by org.testng.reporters.JUnitReportReporter -->
<testsuite hostname="LTA1GCO2M8" failures="0" tests="1" name="Com.Crm.ContactTest.ContactCheckBoxLastBoxSelect" time="41.799" errors="0" timestamp="2022-03-09T11:05:09 IST" skipped="0">
  <testcase classname="Com.Crm.ContactTest.ContactCheckBoxLastBoxSelect" name="contactCheckBoxLastBoxSelect" time="41.799"/>
  <system-out/>
</testsuite> <!-- Com.Crm.ContactTest.ContactCheckBoxLastBoxSelect -->
