<?xml version="1.0" encoding="UTF-8"?>
<!-- Generated by org.testng.reporters.JUnitReportReporter -->
<testsuite hostname="LTA1GCO2M8" failures="0" tests="2" name="Com.Crm.Practice.BaseClassPractice" time="0.047" errors="0" timestamp="2022-03-01T15:24:23 IST" skipped="0">
  <testcase classname="Com.Crm.Practice.BaseClassPractice" name="actualTest" time="0.037"/>
  <system-out/>
  <testcase classname="Com.Crm.Practice.BaseClassPractice" name="actualTest1" time="0.010"/>
  <system-out/>
</testsuite> <!-- Com.Crm.Practice.BaseClassPractice -->
