<?xml version="1.0" encoding="UTF-8"?>
<!-- Generated by org.testng.reporters.JUnitReportReporter -->
<testsuite hostname="LTA1GCO2M8" failures="0" tests="1" name="Com.Crm.Practice.LaunchBrowserTest" time="16.699" errors="0" timestamp="2022-03-16T21:43:09 IST" skipped="0">
  <testcase classname="Com.Crm.Practice.LaunchBrowserTest" name="launchBrowserTest" time="16.699"/>
  <system-out/>
</testsuite> <!-- Com.Crm.Practice.LaunchBrowserTest -->
